<?xml version="1.0" encoding="UTF-8"?>
<!-- Generated by org.testng.reporters.JUnitXMLReporter -->
<testsuite ignored="0" hostname="Alexanders-MBP" failures="0" tests="8" name="HelloWorld" time="0.031" errors="0" timestamp="2023-09-05T21:30:02 EDT">
  <testcase classname="testNG_cohort15.testNG_day01.IgnoringTests" name="test1" time="0.003"/>
  <testcase classname="testNG_cohort15.testNG_day01.IgnoringTests" name="test2" time="0.001"/>
  <testcase classname="testNG_cohort15.testNG_day01.RunningTestSample" name="test1" time="0.001"/>
  <testcase classname="testNG_cohort15.testNG_day01.RunningTestSample" name="test2" time="0.001"/>
  <testcase classname="testNG_cohort15.testNG_day01.PrioritizeTests" name="B" time="0.001"/>
  <testcase classname="testNG_cohort15.testNG_day01.PrioritizeTests" name="D" time="0.001"/>
  <testcase classname="testNG_cohort15.testNG_day01.PrioritizeTests" name="A" time="0.001"/>
  <testcase classname="testNG_cohort15.testNG_day01.PrioritizeTests" name="C" time="0.001"/>
</testsuite> <!-- HelloWorld -->
