<?xml version="1.0" encoding="UTF-8"?>
<!-- Generated by org.testng.reporters.JUnitXMLReporter -->
<testsuite ignored="0" hostname="Alexanders-MacBook-Pro.local" failures="0" tests="6" name="Test1" time="0.007" errors="0" timestamp="2023-09-09T16:25:44 EDT">
  <testcase classname="testNG_day01.IgnoringTests" name="test1" time="0.001"/>
  <testcase classname="testNG_day01.IgnoringTests" name="test2" time="0.001"/>
  <testcase classname="testNG_day01.PrioritizeTests" name="B" time="0.001"/>
  <testcase classname="testNG_day01.PrioritizeTests" name="D" time="0.001"/>
  <testcase classname="testNG_day01.PrioritizeTests" name="A" time="0.001"/>
  <testcase classname="testNG_day01.PrioritizeTests" name="C" time="0.001"/>
</testsuite> <!-- Test1 -->
