<?xml version="1.0" encoding="UTF-8"?>
<!-- Generated by org.testng.reporters.JUnitXMLReporter -->
<testsuite ignored="0" hostname="Alexanders-MBP.fios-router.home" failures="1" tests="2" name="Test" time="7.095" errors="0" timestamp="2023-09-11T20:16:08 EDT">
  <testcase classname="testNG_day03.TestingListeners" name="openBrowser" time="7.067"/>
  <testcase classname="testNG_day03.TestingListeners" name="test2" time="0.005">
    <failure type="java.lang.AssertionError" message="expected [true] but found [false]">
      <![CDATA[java.lang.AssertionError: expected [true] but found [false]
at testNG_day03.TestingListeners.test2(TestingListeners.java:31)
at java.base/java.util.ArrayList.forEach(ArrayList.java:1511)
... Removed 31 stack frames]]>
    </failure>
  </testcase> <!-- test2 -->
</testsuite> <!-- Test -->
