<?xml version="1.0" encoding="UTF-8"?>
<testng-results ignored="0" total="2" passed="2" failed="0" skipped="0">
  <reporter-output>
  </reporter-output>
  <suite started-at="2023-09-12T19:04:09 EDT" name="Suite" finished-at="2023-09-12T19:04:20 EDT" duration-ms="11138">
    <groups>
    </groups>
    <test started-at="2023-09-12T19:04:09 EDT" name="Parallel Tests" finished-at="2023-09-12T19:04:20 EDT" duration-ms="11138">
      <class name="testNG_day03.ParallelTest">
        <test-method signature="chromeTest()[pri:0, instance:testNG_day03.ParallelTest@3c7f66c4]" started-at="2023-09-12T19:04:09 EDT" name="chromeTest" finished-at="2023-09-12T19:04:19 EDT" duration-ms="9583" status="PASS">
          <reporter-output>
          </reporter-output>
        </test-method> <!-- chromeTest -->
        <test-method signature="safariTest()[pri:0, instance:testNG_day03.ParallelTest@3c7f66c4]" started-at="2023-09-12T19:04:09 EDT" name="safariTest" finished-at="2023-09-12T19:04:20 EDT" duration-ms="11103" status="PASS">
          <reporter-output>
          </reporter-output>
        </test-method> <!-- safariTest -->
      </class> <!-- testNG_day03.ParallelTest -->
    </test> <!-- Parallel Tests -->
  </suite> <!-- Suite -->
</testng-results>
